\BOOKMARK [0][-]{section*.1}{Indhold}{}% 1
\BOOKMARK [0][-]{chapter.1}{Dokumentation for brugergr\346nseflade}{}% 2
\BOOKMARK [1][-]{section.1.1}{Indleding}{chapter.1}% 3
\BOOKMARK [1][-]{section.1.2}{Design og implementering}{chapter.1}% 4
\BOOKMARK [0][-]{chapter.2}{Dokumentation for SPI forbindelse imellem Devit8000 og PSoC}{}% 5
\BOOKMARK [1][-]{section.2.1}{Indleding}{chapter.2}% 6
\BOOKMARK [1][-]{section.2.2}{Design og implementering}{chapter.2}% 7
\BOOKMARK [1][-]{section.2.3}{Test}{chapter.2}% 8
\BOOKMARK [1][-]{section.2.4}{Resultater}{chapter.2}% 9
\BOOKMARK [1][-]{section.2.5}{Diskussion}{chapter.2}% 10
\BOOKMARK [0][-]{chapter.3}{Motorstyring p\345 x- og y-akser samt sensor detektering}{}% 11
\BOOKMARK [1][-]{section.3.1}{Indledning}{chapter.3}% 12
\BOOKMARK [1][-]{section.3.2}{Design og implementering}{chapter.3}% 13
\BOOKMARK [1][-]{section.3.3}{Test}{chapter.3}% 14
\BOOKMARK [1][-]{section.3.4}{Resultater}{chapter.3}% 15
\BOOKMARK [1][-]{section.3.5}{Diskussion}{chapter.3}% 16
\BOOKMARK [0][-]{chapter.4}{Bipol steppermotorer}{}% 17
\BOOKMARK [1][-]{section.4.1}{Indledning}{chapter.4}% 18
\BOOKMARK [1][-]{section.4.2}{Teori}{chapter.4}% 19
\BOOKMARK [1][-]{section.4.3}{Design}{chapter.4}% 20
\BOOKMARK [1][-]{section.4.4}{Implementering}{chapter.4}% 21
\BOOKMARK [1][-]{section.4.5}{Test og resultater}{chapter.4}% 22
\BOOKMARK [1][-]{section.4.6}{Konklusion}{chapter.4}% 23
