\BOOKMARK [0][-]{section*.1}{Indhold}{}% 1
\BOOKMARK [0][-]{chapter.1}{Forord}{}% 2
\BOOKMARK [1][-]{section.1.1}{L\346sevejledning}{chapter.1}% 3
\BOOKMARK [0][-]{chapter.2}{Indledning}{}% 4
\BOOKMARK [1][-]{section.2.1}{Projektformulering}{chapter.2}% 5
\BOOKMARK [1][-]{section.2.2}{Det realistiske system}{chapter.2}% 6
\BOOKMARK [1][-]{section.2.3}{Hovedansvarsomr\345der}{chapter.2}% 7
\BOOKMARK [0][-]{chapter.3}{Krav}{}% 8
\BOOKMARK [1][-]{section.3.1}{Akt\370rer}{chapter.3}% 9
\BOOKMARK [1][-]{section.3.2}{Use-cases}{chapter.3}% 10
\BOOKMARK [1][-]{section.3.3}{Ikke-funktionelle krav}{chapter.3}% 11
\BOOKMARK [0][-]{chapter.4}{Afgr\346nsning}{}% 12
\BOOKMARK [0][-]{chapter.5}{Metode}{}% 13
\BOOKMARK [0][-]{chapter.6}{Analyse}{}% 14
\BOOKMARK [1][-]{section.6.1}{Hardware}{chapter.6}% 15
\BOOKMARK [1][-]{section.6.2}{Software}{chapter.6}% 16
\BOOKMARK [0][-]{chapter.7}{Systemarkitektur}{}% 17
\BOOKMARK [1][-]{section.7.1}{Hardware}{chapter.7}% 18
\BOOKMARK [1][-]{section.7.2}{Software}{chapter.7}% 19
\BOOKMARK [0][-]{chapter.8}{Design}{}% 20
\BOOKMARK [1][-]{section.8.1}{Hardware}{chapter.8}% 21
\BOOKMARK [1][-]{section.8.2}{Software}{chapter.8}% 22
\BOOKMARK [0][-]{chapter.9}{Test, implementering og resultater}{}% 23
\BOOKMARK [1][-]{section.9.1}{Hardware}{chapter.9}% 24
\BOOKMARK [1][-]{section.9.2}{Test}{chapter.9}% 25
\BOOKMARK [1][-]{section.9.3}{Resultater}{chapter.9}% 26
\BOOKMARK [1][-]{section.9.4}{Software}{chapter.9}% 27
